[ 2019-06-15T15:51:36+08:00 ][ info ] [ BEHAVIOR ] Run Closure @app_init [ RunTime:0.000158s ]
[ info ] [ LOG ] INIT File
[ 2019-06-15T15:51:36+08:00 ][ info ] [ CACHE ] INIT File
[ 2019-06-15T15:51:36+08:00 ][ info ] [ BEHAVIOR ] Run \addons\epay\Epay @app_init [ RunTime:0.002976s ]
[ 2019-06-15T15:51:36+08:00 ][ info ] [ BEHAVIOR ] Run Closure @app_init [ RunTime:0.003034s ]
[ 2019-06-15T15:51:36+08:00 ][ info ] [ BEHAVIOR ] Run app\common\behavior\CORS @app_init [ RunTime:0.000077s ]
[ 2019-06-15T15:51:36+08:00 ][ info ] [ DB ] INIT mysql
[ 2019-06-15T15:51:36+08:00 ][ sql ] [ DB ] CONNECT:[ UseTime:0.000536s ] mysql:host=127.0.0.1;dbname=beikejie;charset=utf8
[ 2019-06-15T15:51:36+08:00 ][ sql ] [ SQL ] SHOW TABLE STATUS LIKE 'article' [ RunTime:0.000480s ]
[ 2019-06-15T15:51:36+08:00 ][ sql ] [ SQL ] SHOW TABLE STATUS LIKE 'fa_article' [ RunTime:0.000343s ]
[ 2019-06-15T15:52:44+08:00 ][ info ] [ BEHAVIOR ] Run Closure @app_init [ RunTime:0.000150s ]
[ info ] [ LOG ] INIT File
[ 2019-06-15T15:52:44+08:00 ][ info ] [ CACHE ] INIT File
[ 2019-06-15T15:52:44+08:00 ][ info ] [ BEHAVIOR ] Run \addons\epay\Epay @app_init [ RunTime:0.002998s ]
[ 2019-06-15T15:52:44+08:00 ][ info ] [ BEHAVIOR ] Run Closure @app_init [ RunTime:0.003053s ]
[ 2019-06-15T15:52:44+08:00 ][ info ] [ BEHAVIOR ] Run app\common\behavior\CORS @app_init [ RunTime:0.000074s ]
[ 2019-06-15T15:52:44+08:00 ][ info ] [ DB ] INIT mysql
[ 2019-06-15T15:52:44+08:00 ][ sql ] [ DB ] CONNECT:[ UseTime:0.000505s ] mysql:host=127.0.0.1;dbname=beikejie;charset=utf8
[ 2019-06-15T15:52:44+08:00 ][ sql ] [ SQL ] SHOW TABLE STATUS LIKE 'article' [ RunTime:0.000576s ]
[ 2019-06-15T15:52:44+08:00 ][ sql ] [ SQL ] SHOW TABLE STATUS LIKE 'fa_article' [ RunTime:0.000373s ]
[ 2019-06-15T15:52:44+08:00 ][ sql ] [ SQL ] SELECT * FROM `information_schema`.`columns` WHERE TABLE_SCHEMA = 'beikejie' AND table_name = 'fa_article' ORDER BY ORDINAL_POSITION [ RunTime:0.001295s ]
[ 2019-06-15T15:52:44+08:00 ][ info ] [ BEHAVIOR ] Run Closure @app_init [ RunTime:0.000153s ]
[ info ] [ LOG ] INIT File
[ 2019-06-15T15:52:44+08:00 ][ info ] [ CACHE ] INIT File
[ 2019-06-15T15:52:44+08:00 ][ info ] [ BEHAVIOR ] Run \addons\epay\Epay @app_init [ RunTime:0.003083s ]
[ 2019-06-15T15:52:44+08:00 ][ info ] [ BEHAVIOR ] Run Closure @app_init [ RunTime:0.003142s ]
[ 2019-06-15T15:52:44+08:00 ][ info ] [ BEHAVIOR ] Run app\common\behavior\CORS @app_init [ RunTime:0.000080s ]
[ 2019-06-15T15:52:44+08:00 ][ info ] [ DB ] INIT mysql
[ 2019-06-15T15:52:44+08:00 ][ info ] [ DB ] INIT mysql
[ 2019-06-15T15:52:44+08:00 ][ info ] [ LANG ] /www/wwwroot/beike/application/admin/lang/zh-cn.php
[ 2019-06-15T15:52:44+08:00 ][ sql ] [ DB ] CONNECT:[ UseTime:0.000543s ] mysql:host=127.0.0.1;dbname=beikejie;charset=utf8
[ 2019-06-15T15:52:44+08:00 ][ sql ] [ SQL ] SHOW COLUMNS FROM `fa_auth_rule` [ RunTime:0.000767s ]
[ 2019-06-15T15:52:44+08:00 ][ sql ] [ SQL ] SELECT * FROM `fa_auth_rule` WHERE  `name` = 'article' LIMIT 1 [ RunTime:0.000309s ]
[ 2019-06-15T15:52:44+08:00 ][ sql ] [ SQL ] INSERT INTO `fa_auth_rule` (`pid` , `name` , `title` , `icon` , `remark` , `ismenu` , `status` , `createtime` , `updatetime`) VALUES (0 , 'article' , '公告文章管理' , 'fa fa-circle-o' , '' , 1 , 'normal' , 1560585164 , 1560585164) [ RunTime:0.009737s ]
[ 2019-06-15T15:52:44+08:00 ][ sql ] [ SQL ] SELECT `id` FROM `fa_auth_rule` WHERE  `name` = 'article/index' LIMIT 1 [ RunTime:0.000343s ]
[ 2019-06-15T15:52:44+08:00 ][ sql ] [ SQL ] SELECT `id` FROM `fa_auth_rule` WHERE  `name` = 'article/add' LIMIT 1 [ RunTime:0.000191s ]
[ 2019-06-15T15:52:44+08:00 ][ sql ] [ SQL ] SELECT `id` FROM `fa_auth_rule` WHERE  `name` = 'article/edit' LIMIT 1 [ RunTime:0.000441s ]
[ 2019-06-15T15:52:44+08:00 ][ sql ] [ SQL ] SELECT `id` FROM `fa_auth_rule` WHERE  `name` = 'article/del' LIMIT 1 [ RunTime:0.000298s ]
[ 2019-06-15T15:52:44+08:00 ][ sql ] [ SQL ] SELECT `id` FROM `fa_auth_rule` WHERE  `name` = 'article/multi' LIMIT 1 [ RunTime:0.000187s ]
[ 2019-06-15T15:52:44+08:00 ][ sql ] [ SQL ] INSERT INTO `fa_auth_rule` (`id` , `pid` , `name` , `icon` , `title` , `ismenu` , `status` , `createtime` , `updatetime`) VALUES (NULL , 163 , 'article/index' , 'fa fa-circle-o' , '查看' , 0 , 'normal' , 1560585164 , 1560585164) [ RunTime:0.000454s ]
[ 2019-06-15T15:52:44+08:00 ][ sql ] [ SQL ] INSERT INTO `fa_auth_rule` (`id` , `pid` , `name` , `icon` , `title` , `ismenu` , `status` , `createtime` , `updatetime`) VALUES (NULL , 163 , 'article/add' , 'fa fa-circle-o' , '添加' , 0 , 'normal' , 1560585164 , 1560585164) [ RunTime:0.000205s ]
[ 2019-06-15T15:52:44+08:00 ][ sql ] [ SQL ] INSERT INTO `fa_auth_rule` (`id` , `pid` , `name` , `icon` , `title` , `ismenu` , `status` , `createtime` , `updatetime`) VALUES (NULL , 163 , 'article/edit' , 'fa fa-circle-o' , '编辑' , 0 , 'normal' , 1560585164 , 1560585164) [ RunTime:0.000302s ]
[ 2019-06-15T15:52:44+08:00 ][ sql ] [ SQL ] INSERT INTO `fa_auth_rule` (`id` , `pid` , `name` , `icon` , `title` , `ismenu` , `status` , `createtime` , `updatetime`) VALUES (NULL , 163 , 'article/del' , 'fa fa-circle-o' , '删除' , 0 , 'normal' , 1560585164 , 1560585164) [ RunTime:0.000191s ]
[ 2019-06-15T15:52:44+08:00 ][ sql ] [ SQL ] INSERT INTO `fa_auth_rule` (`id` , `pid` , `name` , `icon` , `title` , `ismenu` , `status` , `createtime` , `updatetime`) VALUES (NULL , 163 , 'article/multi' , 'fa fa-circle-o' , '批量更新' , 0 , 'normal' , 1560585164 , 1560585164) [ RunTime:0.000184s ]
[ 2019-06-15T15:59:18+08:00 ][ info ] [ BEHAVIOR ] Run Closure @app_init [ RunTime:0.000147s ]
[ info ] [ LOG ] INIT File
[ 2019-06-15T15:59:18+08:00 ][ info ] [ CACHE ] INIT File
[ 2019-06-15T15:59:18+08:00 ][ info ] [ BEHAVIOR ] Run \addons\epay\Epay @app_init [ RunTime:0.003017s ]
[ 2019-06-15T15:59:18+08:00 ][ info ] [ BEHAVIOR ] Run Closure @app_init [ RunTime:0.003075s ]
[ 2019-06-15T15:59:18+08:00 ][ info ] [ BEHAVIOR ] Run app\common\behavior\CORS @app_init [ RunTime:0.000077s ]
[ 2019-06-15T15:59:18+08:00 ][ info ] [ DB ] INIT mysql
[ 2019-06-15T15:59:18+08:00 ][ sql ] [ DB ] CONNECT:[ UseTime:0.000585s ] mysql:host=127.0.0.1;dbname=beikejie;charset=utf8
[ 2019-06-15T15:59:18+08:00 ][ sql ] [ SQL ] SHOW TABLE STATUS LIKE 'usercash' [ RunTime:0.000550s ]
[ 2019-06-15T15:59:18+08:00 ][ sql ] [ SQL ] SHOW TABLE STATUS LIKE 'fa_usercash' [ RunTime:0.000383s ]
[ 2019-06-15T15:59:38+08:00 ][ info ] [ BEHAVIOR ] Run Closure @app_init [ RunTime:0.000160s ]
[ info ] [ LOG ] INIT File
[ 2019-06-15T15:59:38+08:00 ][ info ] [ CACHE ] INIT File
[ 2019-06-15T15:59:38+08:00 ][ info ] [ BEHAVIOR ] Run \addons\epay\Epay @app_init [ RunTime:0.003330s ]
[ 2019-06-15T15:59:38+08:00 ][ info ] [ BEHAVIOR ] Run Closure @app_init [ RunTime:0.003406s ]
[ 2019-06-15T15:59:38+08:00 ][ info ] [ BEHAVIOR ] Run app\common\behavior\CORS @app_init [ RunTime:0.000079s ]
[ 2019-06-15T15:59:38+08:00 ][ info ] [ DB ] INIT mysql
[ 2019-06-15T15:59:38+08:00 ][ sql ] [ DB ] CONNECT:[ UseTime:0.000636s ] mysql:host=127.0.0.1;dbname=beikejie;charset=utf8
[ 2019-06-15T15:59:38+08:00 ][ sql ] [ SQL ] SHOW TABLE STATUS LIKE 'usercash' [ RunTime:0.000488s ]
[ 2019-06-15T15:59:38+08:00 ][ sql ] [ SQL ] SHOW TABLE STATUS LIKE 'fa_usercash' [ RunTime:0.000392s ]
[ 2019-06-15T15:59:38+08:00 ][ sql ] [ SQL ] SELECT * FROM `information_schema`.`columns` WHERE TABLE_SCHEMA = 'beikejie' AND table_name = 'fa_usercash' ORDER BY ORDINAL_POSITION [ RunTime:0.000891s ]
[ 2019-06-15T15:59:38+08:00 ][ info ] [ BEHAVIOR ] Run Closure @app_init [ RunTime:0.000135s ]
[ info ] [ LOG ] INIT File
[ 2019-06-15T15:59:38+08:00 ][ info ] [ CACHE ] INIT File
[ 2019-06-15T15:59:38+08:00 ][ info ] [ BEHAVIOR ] Run \addons\epay\Epay @app_init [ RunTime:0.003137s ]
[ 2019-06-15T15:59:38+08:00 ][ info ] [ BEHAVIOR ] Run Closure @app_init [ RunTime:0.003196s ]
[ 2019-06-15T15:59:38+08:00 ][ info ] [ BEHAVIOR ] Run app\common\behavior\CORS @app_init [ RunTime:0.000078s ]
[ 2019-06-15T15:59:38+08:00 ][ info ] [ DB ] INIT mysql
[ 2019-06-15T15:59:38+08:00 ][ info ] [ DB ] INIT mysql
[ 2019-06-15T15:59:38+08:00 ][ info ] [ LANG ] /www/wwwroot/beike/application/admin/lang/zh-cn.php
[ 2019-06-15T15:59:38+08:00 ][ sql ] [ DB ] CONNECT:[ UseTime:0.000575s ] mysql:host=127.0.0.1;dbname=beikejie;charset=utf8
[ 2019-06-15T15:59:38+08:00 ][ sql ] [ SQL ] SHOW COLUMNS FROM `fa_auth_rule` [ RunTime:0.000860s ]
[ 2019-06-15T15:59:38+08:00 ][ sql ] [ SQL ] SELECT * FROM `fa_auth_rule` WHERE  `name` = 'usercash' LIMIT 1 [ RunTime:0.000311s ]
[ 2019-06-15T15:59:38+08:00 ][ sql ] [ SQL ] INSERT INTO `fa_auth_rule` (`pid` , `name` , `title` , `icon` , `remark` , `ismenu` , `status` , `createtime` , `updatetime`) VALUES (0 , 'usercash' , '提现管理' , 'fa fa-circle-o' , '' , 1 , 'normal' , 1560585578 , 1560585578) [ RunTime:0.005982s ]
[ 2019-06-15T15:59:38+08:00 ][ sql ] [ SQL ] SELECT `id` FROM `fa_auth_rule` WHERE  `name` = 'usercash/index' LIMIT 1 [ RunTime:0.000275s ]
[ 2019-06-15T15:59:38+08:00 ][ sql ] [ SQL ] SELECT `id` FROM `fa_auth_rule` WHERE  `name` = 'usercash/add' LIMIT 1 [ RunTime:0.000170s ]
[ 2019-06-15T15:59:38+08:00 ][ sql ] [ SQL ] SELECT `id` FROM `fa_auth_rule` WHERE  `name` = 'usercash/edit' LIMIT 1 [ RunTime:0.000187s ]
[ 2019-06-15T15:59:38+08:00 ][ sql ] [ SQL ] SELECT `id` FROM `fa_auth_rule` WHERE  `name` = 'usercash/del' LIMIT 1 [ RunTime:0.000153s ]
[ 2019-06-15T15:59:38+08:00 ][ sql ] [ SQL ] SELECT `id` FROM `fa_auth_rule` WHERE  `name` = 'usercash/multi' LIMIT 1 [ RunTime:0.000158s ]
[ 2019-06-15T15:59:38+08:00 ][ sql ] [ SQL ] INSERT INTO `fa_auth_rule` (`id` , `pid` , `name` , `icon` , `title` , `ismenu` , `status` , `createtime` , `updatetime`) VALUES (NULL , 169 , 'usercash/index' , 'fa fa-circle-o' , '查看' , 0 , 'normal' , 1560585578 , 1560585578) [ RunTime:0.000257s ]
[ 2019-06-15T15:59:38+08:00 ][ sql ] [ SQL ] INSERT INTO `fa_auth_rule` (`id` , `pid` , `name` , `icon` , `title` , `ismenu` , `status` , `createtime` , `updatetime`) VALUES (NULL , 169 , 'usercash/add' , 'fa fa-circle-o' , '添加' , 0 , 'normal' , 1560585578 , 1560585578) [ RunTime:0.000187s ]
[ 2019-06-15T15:59:38+08:00 ][ sql ] [ SQL ] INSERT INTO `fa_auth_rule` (`id` , `pid` , `name` , `icon` , `title` , `ismenu` , `status` , `createtime` , `updatetime`) VALUES (NULL , 169 , 'usercash/edit' , 'fa fa-circle-o' , '编辑' , 0 , 'normal' , 1560585578 , 1560585578) [ RunTime:0.000213s ]
[ 2019-06-15T15:59:38+08:00 ][ sql ] [ SQL ] INSERT INTO `fa_auth_rule` (`id` , `pid` , `name` , `icon` , `title` , `ismenu` , `status` , `createtime` , `updatetime`) VALUES (NULL , 169 , 'usercash/del' , 'fa fa-circle-o' , '删除' , 0 , 'normal' , 1560585578 , 1560585578) [ RunTime:0.000212s ]
[ 2019-06-15T15:59:38+08:00 ][ sql ] [ SQL ] INSERT INTO `fa_auth_rule` (`id` , `pid` , `name` , `icon` , `title` , `ismenu` , `status` , `createtime` , `updatetime`) VALUES (NULL , 169 , 'usercash/multi' , 'fa fa-circle-o' , '批量更新' , 0 , 'normal' , 1560585578 , 1560585578) [ RunTime:0.000475s ]
